{"/Users/nick/Code/github.com/COSC-4P02-Brock/COSC4P02-ARchaeology/app/components/Button/Button.tsx": {"path":"/Users/nick/Code/github.com/COSC-4P02-Brock/COSC4P02-ARchaeology/app/components/Button/Button.tsx","all":false,"statementMap":{"0":{"start":{"line":1,"column":0},"end":{"line":1,"column":36}},"1":{"start":{"line":2,"column":0},"end":{"line":2,"column":51}},"2":{"start":{"line":3,"column":0},"end":{"line":3,"column":84}},"3":{"start":{"line":4,"column":0},"end":{"line":4,"column":0}},"4":{"start":{"line":5,"column":0},"end":{"line":5,"column":24}},"5":{"start":{"line":6,"column":0},"end":{"line":6,"column":5}},"6":{"start":{"line":7,"column":0},"end":{"line":7,"column":28}},"7":{"start":{"line":8,"column":0},"end":{"line":8,"column":5}},"8":{"start":{"line":9,"column":0},"end":{"line":9,"column":21}},"9":{"start":{"line":10,"column":0},"end":{"line":10,"column":0}},"10":{"start":{"line":11,"column":0},"end":{"line":11,"column":5}},"11":{"start":{"line":12,"column":0},"end":{"line":12,"column":58}},"12":{"start":{"line":13,"column":0},"end":{"line":13,"column":5}},"13":{"start":{"line":14,"column":0},"end":{"line":14,"column":20}},"14":{"start":{"line":15,"column":0},"end":{"line":15,"column":0}},"15":{"start":{"line":16,"column":0},"end":{"line":16,"column":5}},"16":{"start":{"line":17,"column":0},"end":{"line":17,"column":54}},"17":{"start":{"line":18,"column":0},"end":{"line":18,"column":5}},"18":{"start":{"line":19,"column":0},"end":{"line":19,"column":20}},"19":{"start":{"line":20,"column":0},"end":{"line":20,"column":0}},"20":{"start":{"line":21,"column":0},"end":{"line":21,"column":5}},"21":{"start":{"line":22,"column":0},"end":{"line":22,"column":36}},"22":{"start":{"line":23,"column":0},"end":{"line":23,"column":5}},"23":{"start":{"line":24,"column":0},"end":{"line":24,"column":38}},"24":{"start":{"line":25,"column":0},"end":{"line":25,"column":1}},"25":{"start":{"line":26,"column":0},"end":{"line":26,"column":0}},"26":{"start":{"line":27,"column":0},"end":{"line":27,"column":80}},"27":{"start":{"line":28,"column":0},"end":{"line":28,"column":5}},"28":{"start":{"line":29,"column":0},"end":{"line":29,"column":68}},"29":{"start":{"line":30,"column":0},"end":{"line":30,"column":5}},"30":{"start":{"line":31,"column":0},"end":{"line":31,"column":16}},"31":{"start":{"line":32,"column":0},"end":{"line":32,"column":2}},"32":{"start":{"line":33,"column":0},"end":{"line":33,"column":81}},"33":{"start":{"line":34,"column":0},"end":{"line":34,"column":0}},"34":{"start":{"line":35,"column":0},"end":{"line":35,"column":3}},"35":{"start":{"line":36,"column":0},"end":{"line":36,"column":19}},"36":{"start":{"line":37,"column":0},"end":{"line":37,"column":3}},"37":{"start":{"line":38,"column":0},"end":{"line":38,"column":24}},"38":{"start":{"line":39,"column":0},"end":{"line":39,"column":19}},"39":{"start":{"line":40,"column":0},"end":{"line":40,"column":7}},"40":{"start":{"line":41,"column":0},"end":{"line":41,"column":18}},"41":{"start":{"line":42,"column":0},"end":{"line":42,"column":18}},"42":{"start":{"line":43,"column":0},"end":{"line":43,"column":18}},"43":{"start":{"line":44,"column":0},"end":{"line":44,"column":10}},"44":{"start":{"line":45,"column":0},"end":{"line":45,"column":38}},"45":{"start":{"line":46,"column":0},"end":{"line":46,"column":31}},"46":{"start":{"line":47,"column":0},"end":{"line":47,"column":18}},"47":{"start":{"line":48,"column":0},"end":{"line":48,"column":19}},"48":{"start":{"line":49,"column":0},"end":{"line":49,"column":21}},"49":{"start":{"line":50,"column":0},"end":{"line":50,"column":14}},"50":{"start":{"line":51,"column":0},"end":{"line":51,"column":75}},"51":{"start":{"line":52,"column":0},"end":{"line":52,"column":24}},"52":{"start":{"line":53,"column":0},"end":{"line":53,"column":48}},"53":{"start":{"line":54,"column":0},"end":{"line":54,"column":99}},"54":{"start":{"line":55,"column":0},"end":{"line":55,"column":124}},"55":{"start":{"line":56,"column":0},"end":{"line":56,"column":132}},"56":{"start":{"line":57,"column":0},"end":{"line":57,"column":77}},"57":{"start":{"line":58,"column":0},"end":{"line":58,"column":68}},"58":{"start":{"line":59,"column":0},"end":{"line":59,"column":67}},"59":{"start":{"line":60,"column":0},"end":{"line":60,"column":4}},"60":{"start":{"line":61,"column":0},"end":{"line":61,"column":0}},"61":{"start":{"line":62,"column":0},"end":{"line":62,"column":30}},"62":{"start":{"line":63,"column":0},"end":{"line":63,"column":110}},"63":{"start":{"line":64,"column":0},"end":{"line":64,"column":19}},"64":{"start":{"line":65,"column":0},"end":{"line":65,"column":28}},"65":{"start":{"line":66,"column":0},"end":{"line":66,"column":29}},"66":{"start":{"line":67,"column":0},"end":{"line":67,"column":12}},"67":{"start":{"line":68,"column":0},"end":{"line":68,"column":5}},"68":{"start":{"line":69,"column":0},"end":{"line":69,"column":0}},"69":{"start":{"line":70,"column":0},"end":{"line":70,"column":24}},"70":{"start":{"line":71,"column":0},"end":{"line":71,"column":26}},"71":{"start":{"line":72,"column":0},"end":{"line":72,"column":12}},"72":{"start":{"line":73,"column":0},"end":{"line":73,"column":5}},"73":{"start":{"line":74,"column":0},"end":{"line":74,"column":0}},"74":{"start":{"line":75,"column":0},"end":{"line":75,"column":27}},"75":{"start":{"line":76,"column":0},"end":{"line":76,"column":31}},"76":{"start":{"line":77,"column":0},"end":{"line":77,"column":0}},"77":{"start":{"line":78,"column":0},"end":{"line":78,"column":49}},"78":{"start":{"line":79,"column":0},"end":{"line":79,"column":14}},"79":{"start":{"line":80,"column":0},"end":{"line":80,"column":44}},"80":{"start":{"line":81,"column":0},"end":{"line":81,"column":36}},"81":{"start":{"line":82,"column":0},"end":{"line":82,"column":25}},"82":{"start":{"line":83,"column":0},"end":{"line":83,"column":40}},"83":{"start":{"line":84,"column":0},"end":{"line":84,"column":13}},"84":{"start":{"line":85,"column":0},"end":{"line":85,"column":5}},"85":{"start":{"line":86,"column":0},"end":{"line":86,"column":2}}},"s":{"0":1,"1":1,"2":1,"3":1,"4":1,"5":1,"6":1,"7":1,"8":1,"9":1,"10":1,"11":1,"12":1,"13":1,"14":1,"15":1,"16":1,"17":1,"18":1,"19":1,"20":1,"21":1,"22":1,"23":1,"24":1,"25":1,"26":1,"27":1,"28":1,"29":1,"30":1,"31":1,"32":1,"33":1,"34":1,"35":1,"36":1,"37":1,"38":9,"39":9,"40":9,"41":9,"42":9,"43":9,"44":9,"45":9,"46":9,"47":9,"48":9,"49":9,"50":9,"51":9,"52":9,"53":9,"54":9,"55":9,"56":9,"57":9,"58":9,"59":9,"60":9,"61":9,"62":9,"63":0,"64":0,"65":0,"66":0,"67":0,"68":0,"69":0,"70":0,"71":0,"72":0,"73":0,"74":0,"75":9,"76":9,"77":9,"78":9,"79":9,"80":9,"81":9,"82":9,"83":9,"84":9,"85":9},"branchMap":{"0":{"type":"branch","line":38,"loc":{"start":{"line":38,"column":22},"end":{"line":86,"column":2}},"locations":[{"start":{"line":38,"column":22},"end":{"line":86,"column":2}}]},"1":{"type":"branch","line":51,"loc":{"start":{"line":51,"column":4},"end":{"line":51,"column":62}},"locations":[{"start":{"line":51,"column":4},"end":{"line":51,"column":62}}]},"2":{"type":"branch","line":51,"loc":{"start":{"line":51,"column":15},"end":{"line":51,"column":43}},"locations":[{"start":{"line":51,"column":15},"end":{"line":51,"column":43}}]},"3":{"type":"branch","line":51,"loc":{"start":{"line":51,"column":25},"end":{"line":51,"column":62}},"locations":[{"start":{"line":51,"column":25},"end":{"line":51,"column":62}}]},"4":{"type":"branch","line":51,"loc":{"start":{"line":51,"column":43},"end":{"line":51,"column":75}},"locations":[{"start":{"line":51,"column":43},"end":{"line":51,"column":75}}]},"5":{"type":"branch","line":53,"loc":{"start":{"line":53,"column":4},"end":{"line":53,"column":48}},"locations":[{"start":{"line":53,"column":4},"end":{"line":53,"column":48}}]},"6":{"type":"branch","line":54,"loc":{"start":{"line":54,"column":4},"end":{"line":54,"column":59}},"locations":[{"start":{"line":54,"column":4},"end":{"line":54,"column":59}}]},"7":{"type":"branch","line":54,"loc":{"start":{"line":54,"column":15},"end":{"line":54,"column":41}},"locations":[{"start":{"line":54,"column":15},"end":{"line":54,"column":41}}]},"8":{"type":"branch","line":54,"loc":{"start":{"line":54,"column":25},"end":{"line":54,"column":59}},"locations":[{"start":{"line":54,"column":25},"end":{"line":54,"column":59}}]},"9":{"type":"branch","line":54,"loc":{"start":{"line":54,"column":41},"end":{"line":54,"column":99}},"locations":[{"start":{"line":54,"column":41},"end":{"line":54,"column":99}}]},"10":{"type":"branch","line":54,"loc":{"start":{"line":54,"column":59},"end":{"line":54,"column":84}},"locations":[{"start":{"line":54,"column":59},"end":{"line":54,"column":84}}]},"11":{"type":"branch","line":54,"loc":{"start":{"line":54,"column":69},"end":{"line":54,"column":99}},"locations":[{"start":{"line":54,"column":69},"end":{"line":54,"column":99}}]},"12":{"type":"branch","line":55,"loc":{"start":{"line":55,"column":4},"end":{"line":55,"column":71}},"locations":[{"start":{"line":55,"column":4},"end":{"line":55,"column":71}}]},"13":{"type":"branch","line":55,"loc":{"start":{"line":55,"column":15},"end":{"line":55,"column":47}},"locations":[{"start":{"line":55,"column":15},"end":{"line":55,"column":47}}]},"14":{"type":"branch","line":55,"loc":{"start":{"line":55,"column":25},"end":{"line":55,"column":71}},"locations":[{"start":{"line":55,"column":25},"end":{"line":55,"column":71}}]},"15":{"type":"branch","line":55,"loc":{"start":{"line":55,"column":47},"end":{"line":55,"column":124}},"locations":[{"start":{"line":55,"column":47},"end":{"line":55,"column":124}}]},"16":{"type":"branch","line":55,"loc":{"start":{"line":55,"column":71},"end":{"line":55,"column":103}},"locations":[{"start":{"line":55,"column":71},"end":{"line":55,"column":103}}]},"17":{"type":"branch","line":55,"loc":{"start":{"line":55,"column":81},"end":{"line":55,"column":124}},"locations":[{"start":{"line":55,"column":81},"end":{"line":55,"column":124}}]},"18":{"type":"branch","line":56,"loc":{"start":{"line":56,"column":4},"end":{"line":56,"column":75}},"locations":[{"start":{"line":56,"column":4},"end":{"line":56,"column":75}}]},"19":{"type":"branch","line":56,"loc":{"start":{"line":56,"column":15},"end":{"line":56,"column":49}},"locations":[{"start":{"line":56,"column":15},"end":{"line":56,"column":49}}]},"20":{"type":"branch","line":56,"loc":{"start":{"line":56,"column":25},"end":{"line":56,"column":75}},"locations":[{"start":{"line":56,"column":25},"end":{"line":56,"column":75}}]},"21":{"type":"branch","line":56,"loc":{"start":{"line":56,"column":49},"end":{"line":56,"column":132}},"locations":[{"start":{"line":56,"column":49},"end":{"line":56,"column":132}}]},"22":{"type":"branch","line":56,"loc":{"start":{"line":56,"column":75},"end":{"line":56,"column":109}},"locations":[{"start":{"line":56,"column":75},"end":{"line":56,"column":109}}]},"23":{"type":"branch","line":56,"loc":{"start":{"line":56,"column":85},"end":{"line":56,"column":132}},"locations":[{"start":{"line":56,"column":85},"end":{"line":56,"column":132}}]},"24":{"type":"branch","line":57,"loc":{"start":{"line":57,"column":13},"end":{"line":57,"column":35}},"locations":[{"start":{"line":57,"column":13},"end":{"line":57,"column":35}}]},"25":{"type":"branch","line":57,"loc":{"start":{"line":57,"column":23},"end":{"line":57,"column":77}},"locations":[{"start":{"line":57,"column":23},"end":{"line":57,"column":77}}]},"26":{"type":"branch","line":57,"loc":{"start":{"line":57,"column":44},"end":{"line":57,"column":67}},"locations":[{"start":{"line":57,"column":44},"end":{"line":57,"column":67}}]},"27":{"type":"branch","line":57,"loc":{"start":{"line":57,"column":55},"end":{"line":57,"column":77}},"locations":[{"start":{"line":57,"column":55},"end":{"line":57,"column":77}}]},"28":{"type":"branch","line":58,"loc":{"start":{"line":58,"column":13},"end":{"line":58,"column":32}},"locations":[{"start":{"line":58,"column":13},"end":{"line":58,"column":32}}]},"29":{"type":"branch","line":58,"loc":{"start":{"line":58,"column":23},"end":{"line":58,"column":68}},"locations":[{"start":{"line":58,"column":23},"end":{"line":58,"column":68}}]},"30":{"type":"branch","line":58,"loc":{"start":{"line":58,"column":41},"end":{"line":58,"column":61}},"locations":[{"start":{"line":58,"column":41},"end":{"line":58,"column":61}}]},"31":{"type":"branch","line":58,"loc":{"start":{"line":58,"column":52},"end":{"line":58,"column":68}},"locations":[{"start":{"line":58,"column":52},"end":{"line":58,"column":68}}]},"32":{"type":"branch","line":59,"loc":{"start":{"line":59,"column":13},"end":{"line":59,"column":32}},"locations":[{"start":{"line":59,"column":13},"end":{"line":59,"column":32}}]},"33":{"type":"branch","line":59,"loc":{"start":{"line":59,"column":23},"end":{"line":59,"column":67}},"locations":[{"start":{"line":59,"column":23},"end":{"line":59,"column":67}}]},"34":{"type":"branch","line":59,"loc":{"start":{"line":59,"column":41},"end":{"line":59,"column":61}},"locations":[{"start":{"line":59,"column":41},"end":{"line":59,"column":61}}]},"35":{"type":"branch","line":59,"loc":{"start":{"line":59,"column":52},"end":{"line":59,"column":67}},"locations":[{"start":{"line":59,"column":52},"end":{"line":59,"column":67}}]},"36":{"type":"branch","line":78,"loc":{"start":{"line":78,"column":23},"end":{"line":78,"column":38}},"locations":[{"start":{"line":78,"column":23},"end":{"line":78,"column":38}}]},"37":{"type":"branch","line":78,"loc":{"start":{"line":78,"column":32},"end":{"line":78,"column":48}},"locations":[{"start":{"line":78,"column":32},"end":{"line":78,"column":48}}]},"38":{"type":"branch","line":80,"loc":{"start":{"line":80,"column":14},"end":{"line":80,"column":35}},"locations":[{"start":{"line":80,"column":14},"end":{"line":80,"column":35}}]},"39":{"type":"branch","line":80,"loc":{"start":{"line":80,"column":23},"end":{"line":80,"column":44}},"locations":[{"start":{"line":80,"column":23},"end":{"line":80,"column":44}}]},"40":{"type":"branch","line":81,"loc":{"start":{"line":81,"column":10},"end":{"line":81,"column":26}},"locations":[{"start":{"line":81,"column":10},"end":{"line":81,"column":26}}]},"41":{"type":"branch","line":81,"loc":{"start":{"line":81,"column":19},"end":{"line":81,"column":36}},"locations":[{"start":{"line":81,"column":19},"end":{"line":81,"column":36}}]},"42":{"type":"branch","line":83,"loc":{"start":{"line":83,"column":10},"end":{"line":83,"column":31}},"locations":[{"start":{"line":83,"column":10},"end":{"line":83,"column":31}}]},"43":{"type":"branch","line":83,"loc":{"start":{"line":83,"column":19},"end":{"line":83,"column":40}},"locations":[{"start":{"line":83,"column":19},"end":{"line":83,"column":40}}]},"44":{"type":"branch","line":86,"loc":{"start":{"line":86,"column":0},"end":{"line":86,"column":2}},"locations":[{"start":{"line":86,"column":0},"end":{"line":86,"column":2}}]}},"b":{"0":[9],"1":[2],"2":[1],"3":[1],"4":[7],"5":[0],"6":[2],"7":[1],"8":[1],"9":[7],"10":[1],"11":[6],"12":[2],"13":[1],"14":[1],"15":[7],"16":[1],"17":[6],"18":[2],"19":[1],"20":[1],"21":[7],"22":[1],"23":[6],"24":[1],"25":[8],"26":[7],"27":[1],"28":[1],"29":[8],"30":[7],"31":[1],"32":[1],"33":[8],"34":[7],"35":[1],"36":[2],"37":[7],"38":[2],"39":[7],"40":[2],"41":[7],"42":[2],"43":[7],"44":[9]},"fnMap":{"0":{"name":"Button","decl":{"start":{"line":38,"column":22},"end":{"line":86,"column":2}},"loc":{"start":{"line":38,"column":22},"end":{"line":86,"column":2}},"line":38},"1":{"name":"get","decl":{"start":{"line":86,"column":0},"end":{"line":86,"column":2}},"loc":{"start":{"line":86,"column":0},"end":{"line":86,"column":2}},"line":86}},"f":{"0":9,"1":9}}
,"/Users/nick/Code/github.com/COSC-4P02-Brock/COSC4P02-ARchaeology/app/components/Footer/Footer.tsx": {"path":"/Users/nick/Code/github.com/COSC-4P02-Brock/COSC4P02-ARchaeology/app/components/Footer/Footer.tsx","all":false,"statementMap":{"0":{"start":{"line":1,"column":0},"end":{"line":1,"column":53}},"1":{"start":{"line":2,"column":0},"end":{"line":2,"column":31}},"2":{"start":{"line":3,"column":0},"end":{"line":3,"column":41}},"3":{"start":{"line":4,"column":0},"end":{"line":4,"column":0}},"4":{"start":{"line":5,"column":0},"end":{"line":5,"column":20}},"5":{"start":{"line":6,"column":0},"end":{"line":6,"column":22}},"6":{"start":{"line":7,"column":0},"end":{"line":7,"column":0}},"7":{"start":{"line":8,"column":0},"end":{"line":8,"column":21}},"8":{"start":{"line":9,"column":0},"end":{"line":9,"column":1}},"9":{"start":{"line":10,"column":0},"end":{"line":10,"column":0}},"10":{"start":{"line":11,"column":0},"end":{"line":11,"column":24}},"11":{"start":{"line":12,"column":0},"end":{"line":12,"column":13}},"12":{"start":{"line":13,"column":0},"end":{"line":13,"column":12}},"13":{"start":{"line":14,"column":0},"end":{"line":14,"column":19}},"14":{"start":{"line":15,"column":0},"end":{"line":15,"column":8}},"15":{"start":{"line":16,"column":0},"end":{"line":16,"column":20}},"16":{"start":{"line":17,"column":0},"end":{"line":17,"column":7}},"17":{"start":{"line":18,"column":0},"end":{"line":18,"column":3}},"18":{"start":{"line":19,"column":0},"end":{"line":19,"column":20}},"19":{"start":{"line":20,"column":0},"end":{"line":20,"column":67}},"20":{"start":{"line":21,"column":0},"end":{"line":21,"column":59}},"21":{"start":{"line":22,"column":0},"end":{"line":22,"column":0}},"22":{"start":{"line":23,"column":0},"end":{"line":23,"column":81}},"23":{"start":{"line":24,"column":0},"end":{"line":24,"column":50}},"24":{"start":{"line":25,"column":0},"end":{"line":25,"column":58}},"25":{"start":{"line":26,"column":0},"end":{"line":26,"column":31}},"26":{"start":{"line":27,"column":0},"end":{"line":27,"column":12}},"27":{"start":{"line":28,"column":0},"end":{"line":28,"column":0}},"28":{"start":{"line":29,"column":0},"end":{"line":29,"column":81}},"29":{"start":{"line":30,"column":0},"end":{"line":30,"column":51}},"30":{"start":{"line":31,"column":0},"end":{"line":31,"column":57}},"31":{"start":{"line":32,"column":0},"end":{"line":32,"column":77}},"32":{"start":{"line":33,"column":0},"end":{"line":33,"column":52}},"33":{"start":{"line":34,"column":0},"end":{"line":34,"column":27}},"34":{"start":{"line":35,"column":0},"end":{"line":35,"column":15}},"35":{"start":{"line":36,"column":0},"end":{"line":36,"column":22}},"36":{"start":{"line":37,"column":0},"end":{"line":37,"column":18}},"37":{"start":{"line":38,"column":0},"end":{"line":38,"column":18}},"38":{"start":{"line":39,"column":0},"end":{"line":39,"column":13}},"39":{"start":{"line":40,"column":0},"end":{"line":40,"column":14}},"40":{"start":{"line":41,"column":0},"end":{"line":41,"column":12}},"41":{"start":{"line":42,"column":0},"end":{"line":42,"column":0}},"42":{"start":{"line":43,"column":0},"end":{"line":43,"column":101}},"43":{"start":{"line":44,"column":0},"end":{"line":44,"column":51}},"44":{"start":{"line":45,"column":0},"end":{"line":45,"column":58}},"45":{"start":{"line":46,"column":0},"end":{"line":46,"column":60}},"46":{"start":{"line":47,"column":0},"end":{"line":47,"column":51}},"47":{"start":{"line":48,"column":0},"end":{"line":48,"column":25}},"48":{"start":{"line":49,"column":0},"end":{"line":49,"column":37}},"49":{"start":{"line":50,"column":0},"end":{"line":50,"column":30}},"50":{"start":{"line":51,"column":0},"end":{"line":51,"column":44}},"51":{"start":{"line":52,"column":0},"end":{"line":52,"column":13}},"52":{"start":{"line":53,"column":0},"end":{"line":53,"column":53}},"53":{"start":{"line":54,"column":0},"end":{"line":54,"column":45}},"54":{"start":{"line":55,"column":0},"end":{"line":55,"column":16}},"55":{"start":{"line":56,"column":0},"end":{"line":56,"column":13}},"56":{"start":{"line":57,"column":0},"end":{"line":57,"column":14}},"57":{"start":{"line":58,"column":0},"end":{"line":58,"column":79}},"58":{"start":{"line":59,"column":0},"end":{"line":59,"column":59}},"59":{"start":{"line":60,"column":0},"end":{"line":60,"column":12}},"60":{"start":{"line":61,"column":0},"end":{"line":61,"column":12}},"61":{"start":{"line":62,"column":0},"end":{"line":62,"column":10}},"62":{"start":{"line":63,"column":0},"end":{"line":63,"column":11}},"63":{"start":{"line":64,"column":0},"end":{"line":64,"column":1}}},"s":{"0":1,"1":1,"2":1,"3":1,"4":1,"5":1,"6":1,"7":1,"8":1,"9":1,"10":1,"11":4,"12":4,"13":4,"14":4,"15":4,"16":4,"17":4,"18":4,"19":4,"20":4,"21":4,"22":4,"23":4,"24":4,"25":4,"26":4,"27":4,"28":4,"29":4,"30":2,"31":2,"32":2,"33":2,"34":2,"35":2,"36":2,"37":2,"38":4,"39":4,"40":4,"41":4,"42":4,"43":4,"44":4,"45":3,"46":3,"47":3,"48":3,"49":3,"50":3,"51":3,"52":3,"53":3,"54":3,"55":4,"56":4,"57":4,"58":4,"59":4,"60":4,"61":4,"62":4,"63":1},"branchMap":{"0":{"type":"branch","line":11,"loc":{"start":{"line":11,"column":22},"end":{"line":63,"column":11}},"locations":[{"start":{"line":11,"column":22},"end":{"line":63,"column":11}}]},"1":{"type":"branch","line":30,"loc":{"start":{"line":30,"column":31},"end":{"line":38,"column":18}},"locations":[{"start":{"line":30,"column":31},"end":{"line":38,"column":18}}]},"2":{"type":"branch","line":45,"loc":{"start":{"line":45,"column":32},"end":{"line":55,"column":16}},"locations":[{"start":{"line":45,"column":32},"end":{"line":55,"column":16}}]},"3":{"type":"branch","line":63,"loc":{"start":{"line":63,"column":2},"end":{"line":63,"column":11}},"locations":[{"start":{"line":63,"column":2},"end":{"line":63,"column":11}}]}},"b":{"0":[4],"1":[2],"2":[3],"3":[4]},"fnMap":{"0":{"name":"Footer","decl":{"start":{"line":11,"column":22},"end":{"line":63,"column":11}},"loc":{"start":{"line":11,"column":22},"end":{"line":63,"column":11}},"line":11},"1":{"name":"get","decl":{"start":{"line":63,"column":2},"end":{"line":63,"column":11}},"loc":{"start":{"line":63,"column":2},"end":{"line":63,"column":11}},"line":63}},"f":{"0":4,"1":4}}
,"/Users/nick/Code/github.com/COSC-4P02-Brock/COSC4P02-ARchaeology/app/components/Logo/Logo.tsx": {"path":"/Users/nick/Code/github.com/COSC-4P02-Brock/COSC4P02-ARchaeology/app/components/Logo/Logo.tsx","all":false,"statementMap":{"0":{"start":{"line":1,"column":0},"end":{"line":1,"column":31}},"1":{"start":{"line":2,"column":0},"end":{"line":2,"column":48}},"2":{"start":{"line":3,"column":0},"end":{"line":3,"column":0}},"3":{"start":{"line":4,"column":0},"end":{"line":4,"column":18}},"4":{"start":{"line":5,"column":0},"end":{"line":5,"column":26}},"5":{"start":{"line":6,"column":0},"end":{"line":6,"column":1}},"6":{"start":{"line":7,"column":0},"end":{"line":7,"column":0}},"7":{"start":{"line":8,"column":0},"end":{"line":8,"column":47}},"8":{"start":{"line":9,"column":0},"end":{"line":9,"column":73}},"9":{"start":{"line":10,"column":0},"end":{"line":10,"column":0}},"10":{"start":{"line":11,"column":0},"end":{"line":11,"column":10}},"11":{"start":{"line":12,"column":0},"end":{"line":12,"column":43}},"12":{"start":{"line":13,"column":0},"end":{"line":13,"column":50}},"13":{"start":{"line":14,"column":0},"end":{"line":14,"column":24}},"14":{"start":{"line":15,"column":0},"end":{"line":15,"column":25}},"15":{"start":{"line":16,"column":0},"end":{"line":16,"column":38}},"16":{"start":{"line":17,"column":0},"end":{"line":17,"column":43}},"17":{"start":{"line":18,"column":0},"end":{"line":18,"column":5}},"18":{"start":{"line":19,"column":0},"end":{"line":19,"column":12}},"19":{"start":{"line":20,"column":0},"end":{"line":20,"column":25}},"20":{"start":{"line":21,"column":0},"end":{"line":21,"column":74}},"21":{"start":{"line":22,"column":0},"end":{"line":22,"column":19}},"22":{"start":{"line":23,"column":0},"end":{"line":23,"column":13}},"23":{"start":{"line":24,"column":0},"end":{"line":24,"column":43}},"24":{"start":{"line":25,"column":0},"end":{"line":25,"column":130}},"25":{"start":{"line":26,"column":0},"end":{"line":26,"column":51}},"26":{"start":{"line":27,"column":0},"end":{"line":27,"column":39}},"27":{"start":{"line":28,"column":0},"end":{"line":28,"column":45}},"28":{"start":{"line":29,"column":0},"end":{"line":29,"column":176}},"29":{"start":{"line":30,"column":0},"end":{"line":30,"column":54}},"30":{"start":{"line":31,"column":0},"end":{"line":31,"column":45}},"31":{"start":{"line":32,"column":0},"end":{"line":32,"column":464}},"32":{"start":{"line":33,"column":0},"end":{"line":33,"column":55}},"33":{"start":{"line":34,"column":0},"end":{"line":34,"column":138}},"34":{"start":{"line":35,"column":0},"end":{"line":35,"column":55}},"35":{"start":{"line":36,"column":0},"end":{"line":36,"column":45}},"36":{"start":{"line":37,"column":0},"end":{"line":37,"column":177}},"37":{"start":{"line":38,"column":0},"end":{"line":38,"column":55}},"38":{"start":{"line":39,"column":0},"end":{"line":39,"column":45}},"39":{"start":{"line":40,"column":0},"end":{"line":40,"column":142}},"40":{"start":{"line":41,"column":0},"end":{"line":41,"column":55}},"41":{"start":{"line":42,"column":0},"end":{"line":42,"column":136}},"42":{"start":{"line":43,"column":0},"end":{"line":43,"column":54}},"43":{"start":{"line":44,"column":0},"end":{"line":44,"column":115}},"44":{"start":{"line":45,"column":0},"end":{"line":45,"column":45}},"45":{"start":{"line":46,"column":0},"end":{"line":46,"column":135}},"46":{"start":{"line":47,"column":0},"end":{"line":47,"column":54}},"47":{"start":{"line":48,"column":0},"end":{"line":48,"column":45}},"48":{"start":{"line":49,"column":0},"end":{"line":49,"column":355}},"49":{"start":{"line":50,"column":0},"end":{"line":50,"column":54}},"50":{"start":{"line":51,"column":0},"end":{"line":51,"column":45}},"51":{"start":{"line":52,"column":0},"end":{"line":52,"column":137}},"52":{"start":{"line":53,"column":0},"end":{"line":53,"column":55}},"53":{"start":{"line":54,"column":0},"end":{"line":54,"column":45}},"54":{"start":{"line":55,"column":0},"end":{"line":55,"column":272}},"55":{"start":{"line":56,"column":0},"end":{"line":56,"column":55}},"56":{"start":{"line":57,"column":0},"end":{"line":57,"column":45}},"57":{"start":{"line":58,"column":0},"end":{"line":58,"column":136}},"58":{"start":{"line":59,"column":0},"end":{"line":59,"column":55}},"59":{"start":{"line":60,"column":0},"end":{"line":60,"column":45}},"60":{"start":{"line":61,"column":0},"end":{"line":61,"column":268}},"61":{"start":{"line":62,"column":0},"end":{"line":62,"column":54}},"62":{"start":{"line":63,"column":0},"end":{"line":63,"column":133}},"63":{"start":{"line":64,"column":0},"end":{"line":64,"column":55}},"64":{"start":{"line":65,"column":0},"end":{"line":65,"column":113}},"65":{"start":{"line":66,"column":0},"end":{"line":66,"column":55}},"66":{"start":{"line":67,"column":0},"end":{"line":67,"column":135}},"67":{"start":{"line":68,"column":0},"end":{"line":68,"column":54}},"68":{"start":{"line":69,"column":0},"end":{"line":69,"column":130}},"69":{"start":{"line":70,"column":0},"end":{"line":70,"column":55}},"70":{"start":{"line":71,"column":0},"end":{"line":71,"column":137}},"71":{"start":{"line":72,"column":0},"end":{"line":72,"column":45}},"72":{"start":{"line":73,"column":0},"end":{"line":73,"column":125}},"73":{"start":{"line":74,"column":0},"end":{"line":74,"column":55}},"74":{"start":{"line":75,"column":0},"end":{"line":75,"column":45}},"75":{"start":{"line":76,"column":0},"end":{"line":76,"column":123}},"76":{"start":{"line":77,"column":0},"end":{"line":77,"column":54}},"77":{"start":{"line":78,"column":0},"end":{"line":78,"column":131}},"78":{"start":{"line":79,"column":0},"end":{"line":79,"column":55}},"79":{"start":{"line":80,"column":0},"end":{"line":80,"column":121}},"80":{"start":{"line":81,"column":0},"end":{"line":81,"column":98}},"81":{"start":{"line":82,"column":0},"end":{"line":82,"column":134}},"82":{"start":{"line":83,"column":0},"end":{"line":83,"column":114}},"83":{"start":{"line":84,"column":0},"end":{"line":84,"column":10}},"84":{"start":{"line":85,"column":0},"end":{"line":85,"column":10}},"85":{"start":{"line":86,"column":0},"end":{"line":86,"column":3}},"86":{"start":{"line":87,"column":0},"end":{"line":87,"column":1}}},"s":{"0":1,"1":1,"2":1,"3":1,"4":1,"5":1,"6":1,"7":1,"8":6,"9":6,"10":6,"11":6,"12":6,"13":6,"14":6,"15":6,"16":6,"17":6,"18":6,"19":6,"20":6,"21":6,"22":6,"23":6,"24":6,"25":6,"26":6,"27":6,"28":6,"29":6,"30":6,"31":6,"32":6,"33":6,"34":6,"35":6,"36":6,"37":6,"38":6,"39":6,"40":6,"41":6,"42":6,"43":6,"44":6,"45":6,"46":6,"47":6,"48":6,"49":6,"50":6,"51":6,"52":6,"53":6,"54":6,"55":6,"56":6,"57":6,"58":6,"59":6,"60":6,"61":6,"62":6,"63":6,"64":6,"65":6,"66":6,"67":6,"68":6,"69":6,"70":6,"71":6,"72":6,"73":6,"74":6,"75":6,"76":6,"77":6,"78":6,"79":6,"80":6,"81":6,"82":6,"83":6,"84":6,"85":6,"86":6},"branchMap":{"0":{"type":"branch","line":8,"loc":{"start":{"line":8,"column":20},"end":{"line":87,"column":1}},"locations":[{"start":{"line":8,"column":20},"end":{"line":87,"column":1}}]},"1":{"type":"branch","line":9,"loc":{"start":{"line":9,"column":33},"end":{"line":9,"column":65}},"locations":[{"start":{"line":9,"column":33},"end":{"line":9,"column":65}}]},"2":{"type":"branch","line":87,"loc":{"start":{"line":87,"column":0},"end":{"line":87,"column":1}},"locations":[{"start":{"line":87,"column":0},"end":{"line":87,"column":1}}]}},"b":{"0":[6],"1":[6],"2":[6]},"fnMap":{"0":{"name":"Logo","decl":{"start":{"line":8,"column":20},"end":{"line":87,"column":1}},"loc":{"start":{"line":8,"column":20},"end":{"line":87,"column":1}},"line":8},"1":{"name":"get","decl":{"start":{"line":87,"column":0},"end":{"line":87,"column":1}},"loc":{"start":{"line":87,"column":0},"end":{"line":87,"column":1}},"line":87}},"f":{"0":6,"1":6}}
,"/Users/nick/Code/github.com/COSC-4P02-Brock/COSC4P02-ARchaeology/app/components/Logo/Logo.utils.ts": {"path":"/Users/nick/Code/github.com/COSC-4P02-Brock/COSC4P02-ARchaeology/app/components/Logo/Logo.utils.ts","all":false,"statementMap":{"0":{"start":{"line":1,"column":0},"end":{"line":1,"column":60}},"1":{"start":{"line":2,"column":0},"end":{"line":2,"column":10}},"2":{"start":{"line":3,"column":0},"end":{"line":3,"column":28}},"3":{"start":{"line":4,"column":0},"end":{"line":4,"column":26}},"4":{"start":{"line":5,"column":0},"end":{"line":5,"column":63}},"5":{"start":{"line":6,"column":0},"end":{"line":6,"column":3}},"6":{"start":{"line":7,"column":0},"end":{"line":7,"column":1}}},"s":{"0":1,"1":8,"2":8,"3":8,"4":8,"5":8,"6":8},"branchMap":{"0":{"type":"branch","line":1,"loc":{"start":{"line":1,"column":59},"end":{"line":7,"column":1}},"locations":[{"start":{"line":1,"column":59},"end":{"line":7,"column":1}}]},"1":{"type":"branch","line":5,"loc":{"start":{"line":5,"column":20},"end":{"line":5,"column":51}},"locations":[{"start":{"line":5,"column":20},"end":{"line":5,"column":51}}]},"2":{"type":"branch","line":5,"loc":{"start":{"line":5,"column":30},"end":{"line":5,"column":63}},"locations":[{"start":{"line":5,"column":30},"end":{"line":5,"column":63}}]},"3":{"type":"branch","line":7,"loc":{"start":{"line":7,"column":0},"end":{"line":7,"column":1}},"locations":[{"start":{"line":7,"column":0},"end":{"line":7,"column":1}}]}},"b":{"0":[8],"1":[2],"2":[6],"3":[8]},"fnMap":{"0":{"name":"getFillClassNames","decl":{"start":{"line":1,"column":59},"end":{"line":7,"column":1}},"loc":{"start":{"line":1,"column":59},"end":{"line":7,"column":1}},"line":1},"1":{"name":"get","decl":{"start":{"line":7,"column":0},"end":{"line":7,"column":1}},"loc":{"start":{"line":7,"column":0},"end":{"line":7,"column":1}},"line":7}},"f":{"0":8,"1":8}}
,"/Users/nick/Code/github.com/COSC-4P02-Brock/COSC4P02-ARchaeology/app/components/Logo/index.ts": {"path":"/Users/nick/Code/github.com/COSC-4P02-Brock/COSC4P02-ARchaeology/app/components/Logo/index.ts","all":false,"statementMap":{"0":{"start":{"line":1,"column":0},"end":{"line":1,"column":30}}},"s":{"0":1},"branchMap":{"0":{"type":"branch","line":1,"loc":{"start":{"line":1,"column":21},"end":{"line":1,"column":30}},"locations":[{"start":{"line":1,"column":21},"end":{"line":1,"column":30}}]}},"b":{"0":[4]},"fnMap":{"0":{"name":"get","decl":{"start":{"line":1,"column":21},"end":{"line":1,"column":30}},"loc":{"start":{"line":1,"column":21},"end":{"line":1,"column":30}},"line":1}},"f":{"0":4}}
,"/Users/nick/Code/github.com/COSC-4P02-Brock/COSC4P02-ARchaeology/app/components/SocialMediaIcon/SocialMediaIcon.tsx": {"path":"/Users/nick/Code/github.com/COSC-4P02-Brock/COSC4P02-ARchaeology/app/components/SocialMediaIcon/SocialMediaIcon.tsx","all":false,"statementMap":{"0":{"start":{"line":1,"column":0},"end":{"line":1,"column":48}},"1":{"start":{"line":2,"column":0},"end":{"line":2,"column":0}},"2":{"start":{"line":3,"column":0},"end":{"line":3,"column":57}},"3":{"start":{"line":4,"column":0},"end":{"line":4,"column":0}},"4":{"start":{"line":5,"column":0},"end":{"line":5,"column":68}},"5":{"start":{"line":6,"column":0},"end":{"line":6,"column":17}},"6":{"start":{"line":7,"column":0},"end":{"line":7,"column":20}},"7":{"start":{"line":8,"column":0},"end":{"line":8,"column":14}},"8":{"start":{"line":9,"column":0},"end":{"line":9,"column":31}},"9":{"start":{"line":10,"column":0},"end":{"line":10,"column":32}},"10":{"start":{"line":11,"column":0},"end":{"line":11,"column":51}},"11":{"start":{"line":12,"column":0},"end":{"line":12,"column":32}},"12":{"start":{"line":13,"column":0},"end":{"line":13,"column":32}},"13":{"start":{"line":14,"column":0},"end":{"line":14,"column":9}},"14":{"start":{"line":15,"column":0},"end":{"line":15,"column":34}},"15":{"start":{"line":16,"column":0},"end":{"line":16,"column":282}},"16":{"start":{"line":17,"column":0},"end":{"line":17,"column":37}},"17":{"start":{"line":18,"column":0},"end":{"line":18,"column":14}},"18":{"start":{"line":19,"column":0},"end":{"line":19,"column":8}},"19":{"start":{"line":20,"column":0},"end":{"line":20,"column":21}},"20":{"start":{"line":21,"column":0},"end":{"line":21,"column":14}},"21":{"start":{"line":22,"column":0},"end":{"line":22,"column":31}},"22":{"start":{"line":23,"column":0},"end":{"line":23,"column":32}},"23":{"start":{"line":24,"column":0},"end":{"line":24,"column":52}},"24":{"start":{"line":25,"column":0},"end":{"line":25,"column":32}},"25":{"start":{"line":26,"column":0},"end":{"line":26,"column":32}},"26":{"start":{"line":27,"column":0},"end":{"line":27,"column":9}},"27":{"start":{"line":28,"column":0},"end":{"line":28,"column":34}},"28":{"start":{"line":29,"column":0},"end":{"line":29,"column":1615}},"29":{"start":{"line":30,"column":0},"end":{"line":30,"column":37}},"30":{"start":{"line":31,"column":0},"end":{"line":31,"column":14}},"31":{"start":{"line":32,"column":0},"end":{"line":32,"column":8}},"32":{"start":{"line":33,"column":0},"end":{"line":33,"column":19}},"33":{"start":{"line":34,"column":0},"end":{"line":34,"column":14}},"34":{"start":{"line":35,"column":0},"end":{"line":35,"column":31}},"35":{"start":{"line":36,"column":0},"end":{"line":36,"column":32}},"36":{"start":{"line":37,"column":0},"end":{"line":37,"column":50}},"37":{"start":{"line":38,"column":0},"end":{"line":38,"column":32}},"38":{"start":{"line":39,"column":0},"end":{"line":39,"column":32}},"39":{"start":{"line":40,"column":0},"end":{"line":40,"column":9}},"40":{"start":{"line":41,"column":0},"end":{"line":41,"column":15}},"41":{"start":{"line":42,"column":0},"end":{"line":42,"column":442}},"42":{"start":{"line":43,"column":0},"end":{"line":43,"column":14}},"43":{"start":{"line":44,"column":0},"end":{"line":44,"column":8}},"44":{"start":{"line":45,"column":0},"end":{"line":45,"column":19}},"45":{"start":{"line":46,"column":0},"end":{"line":46,"column":14}},"46":{"start":{"line":47,"column":0},"end":{"line":47,"column":31}},"47":{"start":{"line":48,"column":0},"end":{"line":48,"column":32}},"48":{"start":{"line":49,"column":0},"end":{"line":49,"column":50}},"49":{"start":{"line":50,"column":0},"end":{"line":50,"column":32}},"50":{"start":{"line":51,"column":0},"end":{"line":51,"column":32}},"51":{"start":{"line":52,"column":0},"end":{"line":52,"column":9}},"52":{"start":{"line":53,"column":0},"end":{"line":53,"column":34}},"53":{"start":{"line":54,"column":0},"end":{"line":54,"column":356}},"54":{"start":{"line":55,"column":0},"end":{"line":55,"column":37}},"55":{"start":{"line":56,"column":0},"end":{"line":56,"column":14}},"56":{"start":{"line":57,"column":0},"end":{"line":57,"column":8}},"57":{"start":{"line":58,"column":0},"end":{"line":58,"column":3}},"58":{"start":{"line":59,"column":0},"end":{"line":59,"column":1}}},"s":{"0":1,"1":1,"2":1,"3":1,"4":1,"5":7,"6":7,"7":2,"8":2,"9":2,"10":2,"11":2,"12":2,"13":2,"14":2,"15":2,"16":2,"17":2,"18":7,"19":7,"20":1,"21":1,"22":1,"23":1,"24":1,"25":1,"26":1,"27":1,"28":1,"29":1,"30":1,"31":7,"32":7,"33":2,"34":2,"35":2,"36":2,"37":2,"38":2,"39":2,"40":2,"41":2,"42":2,"43":7,"44":7,"45":2,"46":2,"47":2,"48":2,"49":2,"50":2,"51":2,"52":2,"53":2,"54":2,"55":2,"56":7,"57":7,"58":7},"branchMap":{"0":{"type":"branch","line":5,"loc":{"start":{"line":5,"column":31},"end":{"line":59,"column":1}},"locations":[{"start":{"line":5,"column":31},"end":{"line":59,"column":1}}]},"1":{"type":"branch","line":7,"loc":{"start":{"line":7,"column":4},"end":{"line":18,"column":14}},"locations":[{"start":{"line":7,"column":4},"end":{"line":18,"column":14}}]},"2":{"type":"branch","line":20,"loc":{"start":{"line":20,"column":4},"end":{"line":31,"column":14}},"locations":[{"start":{"line":20,"column":4},"end":{"line":31,"column":14}}]},"3":{"type":"branch","line":33,"loc":{"start":{"line":33,"column":4},"end":{"line":43,"column":14}},"locations":[{"start":{"line":33,"column":4},"end":{"line":43,"column":14}}]},"4":{"type":"branch","line":45,"loc":{"start":{"line":45,"column":4},"end":{"line":56,"column":14}},"locations":[{"start":{"line":45,"column":4},"end":{"line":56,"column":14}}]},"5":{"type":"branch","line":59,"loc":{"start":{"line":59,"column":0},"end":{"line":59,"column":1}},"locations":[{"start":{"line":59,"column":0},"end":{"line":59,"column":1}}]}},"b":{"0":[7],"1":[2],"2":[1],"3":[2],"4":[2],"5":[7]},"fnMap":{"0":{"name":"SocialMediaIcon","decl":{"start":{"line":5,"column":31},"end":{"line":59,"column":1}},"loc":{"start":{"line":5,"column":31},"end":{"line":59,"column":1}},"line":5},"1":{"name":"get","decl":{"start":{"line":59,"column":0},"end":{"line":59,"column":1}},"loc":{"start":{"line":59,"column":0},"end":{"line":59,"column":1}},"line":59}},"f":{"0":7,"1":7}}
,"/Users/nick/Code/github.com/COSC-4P02-Brock/COSC4P02-ARchaeology/app/components/SocialMediaIcon/index.ts": {"path":"/Users/nick/Code/github.com/COSC-4P02-Brock/COSC4P02-ARchaeology/app/components/SocialMediaIcon/index.ts","all":false,"statementMap":{"0":{"start":{"line":1,"column":0},"end":{"line":1,"column":52}}},"s":{"0":1},"branchMap":{"0":{"type":"branch","line":1,"loc":{"start":{"line":1,"column":32},"end":{"line":1,"column":52}},"locations":[{"start":{"line":1,"column":32},"end":{"line":1,"column":52}}]}},"b":{"0":[3]},"fnMap":{"0":{"name":"get","decl":{"start":{"line":1,"column":32},"end":{"line":1,"column":52}},"loc":{"start":{"line":1,"column":32},"end":{"line":1,"column":52}},"line":1}},"f":{"0":3}}
}
